<?xml version="1.0" encoding="UTF-8"?>
<testsuite xmlns:xsi="http://www.w3.org/2001/XMLSchema-instance" xsi:noNamespaceSchemaLocation="https://maven.apache.org/surefire/maven-surefire-plugin/xsd/surefire-test-report.xsd" name="TestSuite" time="30.715" tests="1" errors="0" skipped="0" failures="0">
  <properties>
    <property name="sun.desktop" value="windows"/>
    <property name="awt.toolkit" value="sun.awt.windows.WToolkit"/>
    <property name="file.encoding.pkg" value="sun.io"/>
    <property name="java.specification.version" value="1.8"/>
    <property name="sun.cpu.isalist" value="amd64"/>
    <property name="sun.jnu.encoding" value="Cp1251"/>
    <property name="java.class.path" value="D:\qatestlab\tests\QATestLabHomeWorks\target\test-classes;D:\qatestlab\tests\QATestLabHomeWorks\target\classes;C:\Users\Мужик\.m2\repository\junit\junit\4.12\junit-4.12.jar;C:\Users\Мужик\.m2\repository\org\hamcrest\hamcrest-core\1.3\hamcrest-core-1.3.jar;C:\Users\Мужик\.m2\repository\org\hamcrest\hamcrest-all\1.3\hamcrest-all-1.3.jar;C:\Users\Мужик\.m2\repository\org\seleniumhq\selenium\selenium-chrome-driver\3.5.3\selenium-chrome-driver-3.5.3.jar;C:\Users\Мужик\.m2\repository\org\seleniumhq\selenium\selenium-api\3.5.3\selenium-api-3.5.3.jar;C:\Users\Мужик\.m2\repository\org\seleniumhq\selenium\selenium-remote-driver\3.5.3\selenium-remote-driver-3.5.3.jar;C:\Users\Мужик\.m2\repository\cglib\cglib-nodep\3.2.4\cglib-nodep-3.2.4.jar;C:\Users\Мужик\.m2\repository\org\apache\commons\commons-exec\1.3\commons-exec-1.3.jar;C:\Users\Мужик\.m2\repository\commons-codec\commons-codec\1.10\commons-codec-1.10.jar;C:\Users\Мужик\.m2\repository\commons-logging\commons-logging\1.2\commons-logging-1.2.jar;C:\Users\Мужик\.m2\repository\com\google\code\gson\gson\2.8.0\gson-2.8.0.jar;C:\Users\Мужик\.m2\repository\com\google\guava\guava\23.0\guava-23.0.jar;C:\Users\Мужик\.m2\repository\com\google\code\findbugs\jsr305\1.3.9\jsr305-1.3.9.jar;C:\Users\Мужик\.m2\repository\com\google\errorprone\error_prone_annotations\2.0.18\error_prone_annotations-2.0.18.jar;C:\Users\Мужик\.m2\repository\com\google\j2objc\j2objc-annotations\1.1\j2objc-annotations-1.1.jar;C:\Users\Мужик\.m2\repository\org\codehaus\mojo\animal-sniffer-annotations\1.14\animal-sniffer-annotations-1.14.jar;C:\Users\Мужик\.m2\repository\org\apache\httpcomponents\httpclient\4.5.3\httpclient-4.5.3.jar;C:\Users\Мужик\.m2\repository\org\apache\httpcomponents\httpcore\4.4.6\httpcore-4.4.6.jar;C:\Users\Мужик\.m2\repository\net\java\dev\jna\jna\4.1.0\jna-4.1.0.jar;C:\Users\Мужик\.m2\repository\net\java\dev\jna\jna-platform\4.1.0\jna-platform-4.1.0.jar;C:\Users\Мужик\.m2\repository\org\seleniumhq\selenium\selenium-support\3.5.3\selenium-support-3.5.3.jar;C:\Users\Мужик\.m2\repository\org\testng\testng\6.8\testng-6.8.jar;C:\Users\Мужик\.m2\repository\org\beanshell\bsh\2.0b4\bsh-2.0b4.jar;C:\Users\Мужик\.m2\repository\com\beust\jcommander\1.27\jcommander-1.27.jar;C:\Users\Мужик\.m2\repository\org\yaml\snakeyaml\1.6\snakeyaml-1.6.jar;C:\Users\Мужик\.m2\repository\org\seleniumhq\selenium\selenium-firefox-driver\3.6.0\selenium-firefox-driver-3.6.0.jar;C:\Users\Мужик\.m2\repository\net\bytebuddy\byte-buddy\1.7.5\byte-buddy-1.7.5.jar;C:\Users\Мужик\.m2\repository\org\uncommons\reportng\1.1.4\reportng-1.1.4.jar;C:\Users\Мужик\.m2\repository\velocity\velocity\1.4\velocity-1.4.jar;C:\Users\Мужик\.m2\repository\velocity\velocity-dep\1.4\velocity-dep-1.4.jar;C:\Users\Мужик\.m2\repository\ru\yandex\qatools\allure\allure-maven-plugin\2.6\allure-maven-plugin-2.6.jar;C:\Users\Мужик\.m2\repository\ru\yandex\qatools\clay\clay-aether\2.5\clay-aether-2.5.jar;C:\Users\Мужик\.m2\repository\org\eclipse\aether\aether-api\1.0.1.v20141111\aether-api-1.0.1.v20141111.jar;C:\Users\Мужик\.m2\repository\org\eclipse\aether\aether-util\1.0.1.v20141111\aether-util-1.0.1.v20141111.jar;C:\Users\Мужик\.m2\repository\org\eclipse\aether\aether-impl\1.0.1.v20141111\aether-impl-1.0.1.v20141111.jar;C:\Users\Мужик\.m2\repository\org\eclipse\aether\aether-spi\1.0.1.v20141111\aether-spi-1.0.1.v20141111.jar;C:\Users\Мужик\.m2\repository\org\eclipse\aether\aether-connector-basic\1.0.1.v20141111\aether-connector-basic-1.0.1.v20141111.jar;C:\Users\Мужик\.m2\repository\org\eclipse\aether\aether-transport-file\1.0.1.v20141111\aether-transport-file-1.0.1.v20141111.jar;C:\Users\Мужик\.m2\repository\org\eclipse\aether\aether-transport-http\1.0.1.v20141111\aether-transport-http-1.0.1.v20141111.jar;C:\Users\Мужик\.m2\repository\org\slf4j\jcl-over-slf4j\1.6.2\jcl-over-slf4j-1.6.2.jar;C:\Users\Мужик\.m2\repository\org\eclipse\aether\aether-transport-wagon\1.0.1.v20141111\aether-transport-wagon-1.0.1.v20141111.jar;C:\Users\Мужик\.m2\repository\org\apache\maven\maven-aether-provider\3.1.0\maven-aether-provider-3.1.0.jar;C:\Users\Мужик\.m2\repository\org\apache\maven\wagon\wagon-ssh\2.6\wagon-ssh-2.6.jar;C:\Users\Мужик\.m2\repository\com\jcraft\jsch\0.1.50\jsch-0.1.50.jar;C:\Users\Мужик\.m2\repository\com\jcraft\jsch.agentproxy.connector-factory\0.0.6\jsch.agentproxy.connector-factory-0.0.6.jar;C:\Users\Мужик\.m2\repository\com\jcraft\jsch.agentproxy.core\0.0.6\jsch.agentproxy.core-0.0.6.jar;C:\Users\Мужик\.m2\repository\com\jcraft\jsch.agentproxy.usocket-jna\0.0.6\jsch.agentproxy.usocket-jna-0.0.6.jar;C:\Users\Мужик\.m2\repository\net\java\dev\jna\platform\3.4.0\platform-3.4.0.jar;C:\Users\Мужик\.m2\repository\com\jcraft\jsch.agentproxy.usocket-nc\0.0.6\jsch.agentproxy.usocket-nc-0.0.6.jar;C:\Users\Мужик\.m2\repository\com\jcraft\jsch.agentproxy.sshagent\0.0.6\jsch.agentproxy.sshagent-0.0.6.jar;C:\Users\Мужик\.m2\repository\com\jcraft\jsch.agentproxy.pageant\0.0.6\jsch.agentproxy.pageant-0.0.6.jar;C:\Users\Мужик\.m2\repository\com\jcraft\jsch.agentproxy.jsch\0.0.6\jsch.agentproxy.jsch-0.0.6.jar;C:\Users\Мужик\.m2\repository\org\apache\maven\wagon\wagon-ssh-common\2.6\wagon-ssh-common-2.6.jar;C:\Users\Мужик\.m2\repository\org\codehaus\plexus\plexus-interactivity-api\1.0-alpha-6\plexus-interactivity-api-1.0-alpha-6.jar;C:\Users\Мужик\.m2\repository\org\apache\maven\wagon\wagon-file\2.6\wagon-file-2.6.jar;C:\Users\Мужик\.m2\repository\commons-lang\commons-lang\2.6\commons-lang-2.6.jar;C:\Users\Мужик\.m2\repository\org\apache\maven\wagon\wagon-http\2.6\wagon-http-2.6.jar;C:\Users\Мужик\.m2\repository\org\apache\maven\wagon\wagon-http-shared\2.6\wagon-http-shared-2.6.jar;C:\Users\Мужик\.m2\repository\org\jsoup\jsoup\1.7.2\jsoup-1.7.2.jar;C:\Users\Мужик\.m2\repository\org\apache\maven\wagon\wagon-http-lightweight\2.6\wagon-http-lightweight-2.6.jar;C:\Users\Мужик\.m2\repository\ru\yandex\qatools\clay\clay-maven-settings-builder\2.5\clay-maven-settings-builder-2.5.jar;C:\Users\Мужик\.m2\repository\commons-io\commons-io\2.4\commons-io-2.4.jar;C:\Users\Мужик\.m2\repository\org\apache\maven\maven-core\3.3.9\maven-core-3.3.9.jar;C:\Users\Мужик\.m2\repository\org\apache\maven\maven-model\3.3.9\maven-model-3.3.9.jar;C:\Users\Мужик\.m2\repository\org\apache\maven\maven-settings\3.3.9\maven-settings-3.3.9.jar;C:\Users\Мужик\.m2\repository\org\apache\maven\maven-settings-builder\3.3.9\maven-settings-builder-3.3.9.jar;C:\Users\Мужик\.m2\repository\org\apache\maven\maven-builder-support\3.3.9\maven-builder-support-3.3.9.jar;C:\Users\Мужик\.m2\repository\org\apache\maven\maven-repository-metadata\3.3.9\maven-repository-metadata-3.3.9.jar;C:\Users\Мужик\.m2\repository\org\apache\maven\maven-artifact\3.3.9\maven-artifact-3.3.9.jar;C:\Users\Мужик\.m2\repository\org\apache\maven\maven-plugin-api\3.3.9\maven-plugin-api-3.3.9.jar;C:\Users\Мужик\.m2\repository\org\apache\maven\maven-model-builder\3.3.9\maven-model-builder-3.3.9.jar;C:\Users\Мужик\.m2\repository\org\eclipse\sisu\org.eclipse.sisu.plexus\0.3.2\org.eclipse.sisu.plexus-0.3.2.jar;C:\Users\Мужик\.m2\repository\javax\enterprise\cdi-api\1.0\cdi-api-1.0.jar;C:\Users\Мужик\.m2\repository\javax\annotation\jsr250-api\1.0\jsr250-api-1.0.jar;C:\Users\Мужик\.m2\repository\org\eclipse\sisu\org.eclipse.sisu.inject\0.3.2\org.eclipse.sisu.inject-0.3.2.jar;C:\Users\Мужик\.m2\repository\com\google\inject\guice\4.0\guice-4.0-no_aop.jar;C:\Users\Мужик\.m2\repository\javax\inject\javax.inject\1\javax.inject-1.jar;C:\Users\Мужик\.m2\repository\aopalliance\aopalliance\1.0\aopalliance-1.0.jar;C:\Users\Мужик\.m2\repository\org\codehaus\plexus\plexus-interpolation\1.21\plexus-interpolation-1.21.jar;C:\Users\Мужик\.m2\repository\org\codehaus\plexus\plexus-utils\3.0.22\plexus-utils-3.0.22.jar;C:\Users\Мужик\.m2\repository\org\codehaus\plexus\plexus-classworlds\2.5.2\plexus-classworlds-2.5.2.jar;C:\Users\Мужик\.m2\repository\org\codehaus\plexus\plexus-component-annotations\1.6\plexus-component-annotations-1.6.jar;C:\Users\Мужик\.m2\repository\org\sonatype\plexus\plexus-sec-dispatcher\1.3\plexus-sec-dispatcher-1.3.jar;C:\Users\Мужик\.m2\repository\org\sonatype\plexus\plexus-cipher\1.4\plexus-cipher-1.4.jar;C:\Users\Мужик\.m2\repository\org\apache\commons\commons-lang3\3.4\commons-lang3-3.4.jar;C:\Users\Мужик\.m2\repository\org\apache\maven\reporting\maven-reporting-impl\2.4\maven-reporting-impl-2.4.jar;C:\Users\Мужик\.m2\repository\org\apache\maven\reporting\maven-reporting-api\3.0\maven-reporting-api-3.0.jar;C:\Users\Мужик\.m2\repository\org\apache\maven\maven-project\2.2.1\maven-project-2.2.1.jar;C:\Users\Мужик\.m2\repository\org\apache\maven\maven-profile\2.2.1\maven-profile-2.2.1.jar;C:\Users\Мужик\.m2\repository\org\apache\maven\maven-artifact-manager\2.2.1\maven-artifact-manager-2.2.1.jar;C:\Users\Мужик\.m2\repository\backport-util-concurrent\backport-util-concurrent\3.1\backport-util-concurrent-3.1.jar;C:\Users\Мужик\.m2\repository\org\apache\maven\maven-plugin-registry\2.2.1\maven-plugin-registry-2.2.1.jar;C:\Users\Мужик\.m2\repository\org\codehaus\plexus\plexus-container-default\1.0-alpha-9-stable-1\plexus-container-default-1.0-alpha-9-stable-1.jar;C:\Users\Мужик\.m2\repository\classworlds\classworlds\1.1-alpha-2\classworlds-1.1-alpha-2.jar;C:\Users\Мужик\.m2\repository\org\apache\maven\shared\maven-shared-utils\0.6\maven-shared-utils-0.6.jar;C:\Users\Мужик\.m2\repository\org\apache\maven\doxia\doxia-sink-api\1.6\doxia-sink-api-1.6.jar;C:\Users\Мужик\.m2\repository\org\apache\maven\doxia\doxia-logging-api\1.6\doxia-logging-api-1.6.jar;C:\Users\Мужик\.m2\repository\org\apache\maven\doxia\doxia-core\1.6\doxia-core-1.6.jar;C:\Users\Мужик\.m2\repository\xerces\xercesImpl\2.9.1\xercesImpl-2.9.1.jar;C:\Users\Мужик\.m2\repository\xmlunit\xmlunit\1.5\xmlunit-1.5.jar;C:\Users\Мужик\.m2\repository\org\apache\maven\doxia\doxia-site-renderer\1.6\doxia-site-renderer-1.6.jar;C:\Users\Мужик\.m2\repository\org\apache\maven\doxia\doxia-decoration-model\1.6\doxia-decoration-model-1.6.jar;C:\Users\Мужик\.m2\repository\org\apache\maven\doxia\doxia-module-xhtml\1.6\doxia-module-xhtml-1.6.jar;C:\Users\Мужик\.m2\repository\org\apache\maven\doxia\doxia-module-fml\1.6\doxia-module-fml-1.6.jar;C:\Users\Мужик\.m2\repository\org\codehaus\plexus\plexus-i18n\1.0-beta-7\plexus-i18n-1.0-beta-7.jar;C:\Users\Мужик\.m2\repository\org\codehaus\plexus\plexus-velocity\1.1.7\plexus-velocity-1.1.7.jar;C:\Users\Мужик\.m2\repository\org\apache\velocity\velocity-tools\2.0\velocity-tools-2.0.jar;C:\Users\Мужик\.m2\repository\commons-chain\commons-chain\1.1\commons-chain-1.1.jar;C:\Users\Мужик\.m2\repository\dom4j\dom4j\1.1\dom4j-1.1.jar;C:\Users\Мужик\.m2\repository\sslext\sslext\1.2-0\sslext-1.2-0.jar;C:\Users\Мужик\.m2\repository\org\apache\struts\struts-core\1.3.8\struts-core-1.3.8.jar;C:\Users\Мужик\.m2\repository\antlr\antlr\2.7.2\antlr-2.7.2.jar;C:\Users\Мужик\.m2\repository\org\apache\struts\struts-taglib\1.3.8\struts-taglib-1.3.8.jar;C:\Users\Мужик\.m2\repository\org\apache\struts\struts-tiles\1.3.8\struts-tiles-1.3.8.jar;C:\Users\Мужик\.m2\repository\commons-validator\commons-validator\1.4.1\commons-validator-1.4.1.jar;C:\Users\Мужик\.m2\repository\commons-digester\commons-digester\1.8.1\commons-digester-1.8.1.jar;C:\Users\Мужик\.m2\repository\commons-beanutils\commons-beanutils\1.9.3\commons-beanutils-1.9.3.jar;C:\Users\Мужик\.m2\repository\commons-collections\commons-collections\3.2.2\commons-collections-3.2.2.jar;C:\Users\Мужик\.m2\repository\org\apache\maven\plugin-tools\maven-plugin-annotations\3.2\maven-plugin-annotations-3.2.jar;C:\Users\Мужик\.m2\repository\org\apache\maven\plugins\maven-jxr-plugin\2.5\maven-jxr-plugin-2.5.jar;C:\Users\Мужик\.m2\repository\org\apache\velocity\velocity\1.5\velocity-1.5.jar;C:\Users\Мужик\.m2\repository\oro\oro\2.0.8\oro-2.0.8.jar;C:\Users\Мужик\.m2\repository\org\apache\maven\maven-jxr\2.5\maven-jxr-2.5.jar;C:\Users\Мужик\.m2\repository\org\apache\maven\wagon\wagon-provider-api\1.0\wagon-provider-api-1.0.jar;C:\Users\Мужик\.m2\repository\xml-apis\xml-apis\1.0.b2\xml-apis-1.0.b2.jar;C:\Users\Мужик\.m2\repository\xalan\xalan\2.7.0\xalan-2.7.0.jar;C:\Users\Мужик\.m2\repository\com\codeborne\phantomjsdriver\1.4.3\phantomjsdriver-1.4.3.jar;C:\Users\Мужик\.m2\repository\io\qameta\allure\allure-testng\2.0-BETA19\allure-testng-2.0-BETA19.jar;C:\Users\Мужик\.m2\repository\io\qameta\allure\allure-descriptions-javadoc\2.0-BETA19\allure-descriptions-javadoc-2.0-BETA19.jar;C:\Users\Мужик\.m2\repository\io\qameta\allure\allure-java-commons\2.0-BETA19\allure-java-commons-2.0-BETA19.jar;C:\Users\Мужик\.m2\repository\io\qameta\allure\allure2-model-api\1.0-BETA6\allure2-model-api-1.0-BETA6.jar;C:\Users\Мужик\.m2\repository\io\qameta\allure\allure2-model-pojo\1.0-BETA6\allure2-model-pojo-1.0-BETA6.jar;C:\Users\Мужик\.m2\repository\org\apache\tika\tika-core\1.14\tika-core-1.14.jar;C:\Users\Мужик\.m2\repository\io\qameta\allure\allure2-model-jackson\1.0-BETA6\allure2-model-jackson-1.0-BETA6.jar;C:\Users\Мужик\.m2\repository\com\fasterxml\jackson\core\jackson-databind\2.7.0\jackson-databind-2.7.0.jar;C:\Users\Мужик\.m2\repository\com\fasterxml\jackson\core\jackson-annotations\2.7.0\jackson-annotations-2.7.0.jar;C:\Users\Мужик\.m2\repository\com\fasterxml\jackson\core\jackson-core\2.7.0\jackson-core-2.7.0.jar;C:\Users\Мужик\.m2\repository\com\fasterxml\jackson\module\jackson-module-jaxb-annotations\2.7.0\jackson-module-jaxb-annotations-2.7.0.jar;C:\Users\Мужик\.m2\repository\org\aspectj\aspectjrt\1.8.10\aspectjrt-1.8.10.jar;C:\Users\Мужик\.m2\repository\org\jooq\joor\0.9.6\joor-0.9.6.jar;C:\Users\Мужик\.m2\repository\org\aspectj\aspectjweaver\1.8.10\aspectjweaver-1.8.10.jar;C:\Users\Мужик\.m2\repository\org\slf4j\slf4j-api\1.7.25\slf4j-api-1.7.25.jar;C:\Users\Мужик\.m2\repository\org\apache\maven\plugins\maven-surefire-plugin\2.20.1\maven-surefire-plugin-2.20.1.jar;C:\Users\Мужик\.m2\repository\org\apache\maven\surefire\maven-surefire-common\2.20.1\maven-surefire-common-2.20.1.jar;C:\Users\Мужик\.m2\repository\org\apache\maven\surefire\surefire-api\2.20.1\surefire-api-2.20.1.jar;C:\Users\Мужик\.m2\repository\org\apache\maven\surefire\surefire-logger-api\2.20.1\surefire-logger-api-2.20.1.jar;C:\Users\Мужик\.m2\repository\org\apache\maven\surefire\surefire-booter\2.20.1\surefire-booter-2.20.1.jar;C:\Users\Мужик\.m2\repository\org\apache\maven\maven-plugin-descriptor\2.2.1\maven-plugin-descriptor-2.2.1.jar;C:\Users\Мужик\.m2\repository\org\apache\maven\maven-toolchain\2.2.1\maven-toolchain-2.2.1.jar;C:\Users\Мужик\.m2\repository\org\apache\maven\surefire\surefire-testng-utils\2.20.1\surefire-testng-utils-2.20.1.jar;C:\Users\Мужик\.m2\repository\org\apache\maven\surefire\surefire-grouper\2.20.1\surefire-grouper-2.20.1.jar;"/>
    <property name="java.vm.vendor" value="Oracle Corporation"/>
    <property name="sun.arch.data.model" value="64"/>
    <property name="user.variant" value=""/>
    <property name="java.vendor.url" value="http://java.oracle.com/"/>
    <property name="user.timezone" value=""/>
    <property name="java.vm.specification.version" value="1.8"/>
    <property name="os.name" value="Windows 7"/>
    <property name="user.country" value="RU"/>
    <property name="sun.java.launcher" value="SUN_STANDARD"/>
    <property name="sun.boot.library.path" value="C:\Program Files\Java\jdk1.8.0_121\jre\bin"/>
    <property name="sun.java.command" value="C:\Users\9AFD~1\AppData\Local\Temp\surefire5432482664155664442\surefirebooter6917984106846356468.jar C:\Users\Мужик\AppData\Local\Temp\surefire5432482664155664442 2017-10-15T22-45-24_191-jvmRun1 surefire7281785690696940744tmp surefire_05520568582388774783tmp"/>
    <property name="surefire.test.class.path" value="D:\qatestlab\tests\QATestLabHomeWorks\target\test-classes;D:\qatestlab\tests\QATestLabHomeWorks\target\classes;C:\Users\Мужик\.m2\repository\junit\junit\4.12\junit-4.12.jar;C:\Users\Мужик\.m2\repository\org\hamcrest\hamcrest-core\1.3\hamcrest-core-1.3.jar;C:\Users\Мужик\.m2\repository\org\hamcrest\hamcrest-all\1.3\hamcrest-all-1.3.jar;C:\Users\Мужик\.m2\repository\org\seleniumhq\selenium\selenium-chrome-driver\3.5.3\selenium-chrome-driver-3.5.3.jar;C:\Users\Мужик\.m2\repository\org\seleniumhq\selenium\selenium-api\3.5.3\selenium-api-3.5.3.jar;C:\Users\Мужик\.m2\repository\org\seleniumhq\selenium\selenium-remote-driver\3.5.3\selenium-remote-driver-3.5.3.jar;C:\Users\Мужик\.m2\repository\cglib\cglib-nodep\3.2.4\cglib-nodep-3.2.4.jar;C:\Users\Мужик\.m2\repository\org\apache\commons\commons-exec\1.3\commons-exec-1.3.jar;C:\Users\Мужик\.m2\repository\commons-codec\commons-codec\1.10\commons-codec-1.10.jar;C:\Users\Мужик\.m2\repository\commons-logging\commons-logging\1.2\commons-logging-1.2.jar;C:\Users\Мужик\.m2\repository\com\google\code\gson\gson\2.8.0\gson-2.8.0.jar;C:\Users\Мужик\.m2\repository\com\google\guava\guava\23.0\guava-23.0.jar;C:\Users\Мужик\.m2\repository\com\google\code\findbugs\jsr305\1.3.9\jsr305-1.3.9.jar;C:\Users\Мужик\.m2\repository\com\google\errorprone\error_prone_annotations\2.0.18\error_prone_annotations-2.0.18.jar;C:\Users\Мужик\.m2\repository\com\google\j2objc\j2objc-annotations\1.1\j2objc-annotations-1.1.jar;C:\Users\Мужик\.m2\repository\org\codehaus\mojo\animal-sniffer-annotations\1.14\animal-sniffer-annotations-1.14.jar;C:\Users\Мужик\.m2\repository\org\apache\httpcomponents\httpclient\4.5.3\httpclient-4.5.3.jar;C:\Users\Мужик\.m2\repository\org\apache\httpcomponents\httpcore\4.4.6\httpcore-4.4.6.jar;C:\Users\Мужик\.m2\repository\net\java\dev\jna\jna\4.1.0\jna-4.1.0.jar;C:\Users\Мужик\.m2\repository\net\java\dev\jna\jna-platform\4.1.0\jna-platform-4.1.0.jar;C:\Users\Мужик\.m2\repository\org\seleniumhq\selenium\selenium-support\3.5.3\selenium-support-3.5.3.jar;C:\Users\Мужик\.m2\repository\org\testng\testng\6.8\testng-6.8.jar;C:\Users\Мужик\.m2\repository\org\beanshell\bsh\2.0b4\bsh-2.0b4.jar;C:\Users\Мужик\.m2\repository\com\beust\jcommander\1.27\jcommander-1.27.jar;C:\Users\Мужик\.m2\repository\org\yaml\snakeyaml\1.6\snakeyaml-1.6.jar;C:\Users\Мужик\.m2\repository\org\seleniumhq\selenium\selenium-firefox-driver\3.6.0\selenium-firefox-driver-3.6.0.jar;C:\Users\Мужик\.m2\repository\net\bytebuddy\byte-buddy\1.7.5\byte-buddy-1.7.5.jar;C:\Users\Мужик\.m2\repository\org\uncommons\reportng\1.1.4\reportng-1.1.4.jar;C:\Users\Мужик\.m2\repository\velocity\velocity\1.4\velocity-1.4.jar;C:\Users\Мужик\.m2\repository\velocity\velocity-dep\1.4\velocity-dep-1.4.jar;C:\Users\Мужик\.m2\repository\ru\yandex\qatools\allure\allure-maven-plugin\2.6\allure-maven-plugin-2.6.jar;C:\Users\Мужик\.m2\repository\ru\yandex\qatools\clay\clay-aether\2.5\clay-aether-2.5.jar;C:\Users\Мужик\.m2\repository\org\eclipse\aether\aether-api\1.0.1.v20141111\aether-api-1.0.1.v20141111.jar;C:\Users\Мужик\.m2\repository\org\eclipse\aether\aether-util\1.0.1.v20141111\aether-util-1.0.1.v20141111.jar;C:\Users\Мужик\.m2\repository\org\eclipse\aether\aether-impl\1.0.1.v20141111\aether-impl-1.0.1.v20141111.jar;C:\Users\Мужик\.m2\repository\org\eclipse\aether\aether-spi\1.0.1.v20141111\aether-spi-1.0.1.v20141111.jar;C:\Users\Мужик\.m2\repository\org\eclipse\aether\aether-connector-basic\1.0.1.v20141111\aether-connector-basic-1.0.1.v20141111.jar;C:\Users\Мужик\.m2\repository\org\eclipse\aether\aether-transport-file\1.0.1.v20141111\aether-transport-file-1.0.1.v20141111.jar;C:\Users\Мужик\.m2\repository\org\eclipse\aether\aether-transport-http\1.0.1.v20141111\aether-transport-http-1.0.1.v20141111.jar;C:\Users\Мужик\.m2\repository\org\slf4j\jcl-over-slf4j\1.6.2\jcl-over-slf4j-1.6.2.jar;C:\Users\Мужик\.m2\repository\org\eclipse\aether\aether-transport-wagon\1.0.1.v20141111\aether-transport-wagon-1.0.1.v20141111.jar;C:\Users\Мужик\.m2\repository\org\apache\maven\maven-aether-provider\3.1.0\maven-aether-provider-3.1.0.jar;C:\Users\Мужик\.m2\repository\org\apache\maven\wagon\wagon-ssh\2.6\wagon-ssh-2.6.jar;C:\Users\Мужик\.m2\repository\com\jcraft\jsch\0.1.50\jsch-0.1.50.jar;C:\Users\Мужик\.m2\repository\com\jcraft\jsch.agentproxy.connector-factory\0.0.6\jsch.agentproxy.connector-factory-0.0.6.jar;C:\Users\Мужик\.m2\repository\com\jcraft\jsch.agentproxy.core\0.0.6\jsch.agentproxy.core-0.0.6.jar;C:\Users\Мужик\.m2\repository\com\jcraft\jsch.agentproxy.usocket-jna\0.0.6\jsch.agentproxy.usocket-jna-0.0.6.jar;C:\Users\Мужик\.m2\repository\net\java\dev\jna\platform\3.4.0\platform-3.4.0.jar;C:\Users\Мужик\.m2\repository\com\jcraft\jsch.agentproxy.usocket-nc\0.0.6\jsch.agentproxy.usocket-nc-0.0.6.jar;C:\Users\Мужик\.m2\repository\com\jcraft\jsch.agentproxy.sshagent\0.0.6\jsch.agentproxy.sshagent-0.0.6.jar;C:\Users\Мужик\.m2\repository\com\jcraft\jsch.agentproxy.pageant\0.0.6\jsch.agentproxy.pageant-0.0.6.jar;C:\Users\Мужик\.m2\repository\com\jcraft\jsch.agentproxy.jsch\0.0.6\jsch.agentproxy.jsch-0.0.6.jar;C:\Users\Мужик\.m2\repository\org\apache\maven\wagon\wagon-ssh-common\2.6\wagon-ssh-common-2.6.jar;C:\Users\Мужик\.m2\repository\org\codehaus\plexus\plexus-interactivity-api\1.0-alpha-6\plexus-interactivity-api-1.0-alpha-6.jar;C:\Users\Мужик\.m2\repository\org\apache\maven\wagon\wagon-file\2.6\wagon-file-2.6.jar;C:\Users\Мужик\.m2\repository\commons-lang\commons-lang\2.6\commons-lang-2.6.jar;C:\Users\Мужик\.m2\repository\org\apache\maven\wagon\wagon-http\2.6\wagon-http-2.6.jar;C:\Users\Мужик\.m2\repository\org\apache\maven\wagon\wagon-http-shared\2.6\wagon-http-shared-2.6.jar;C:\Users\Мужик\.m2\repository\org\jsoup\jsoup\1.7.2\jsoup-1.7.2.jar;C:\Users\Мужик\.m2\repository\org\apache\maven\wagon\wagon-http-lightweight\2.6\wagon-http-lightweight-2.6.jar;C:\Users\Мужик\.m2\repository\ru\yandex\qatools\clay\clay-maven-settings-builder\2.5\clay-maven-settings-builder-2.5.jar;C:\Users\Мужик\.m2\repository\commons-io\commons-io\2.4\commons-io-2.4.jar;C:\Users\Мужик\.m2\repository\org\apache\maven\maven-core\3.3.9\maven-core-3.3.9.jar;C:\Users\Мужик\.m2\repository\org\apache\maven\maven-model\3.3.9\maven-model-3.3.9.jar;C:\Users\Мужик\.m2\repository\org\apache\maven\maven-settings\3.3.9\maven-settings-3.3.9.jar;C:\Users\Мужик\.m2\repository\org\apache\maven\maven-settings-builder\3.3.9\maven-settings-builder-3.3.9.jar;C:\Users\Мужик\.m2\repository\org\apache\maven\maven-builder-support\3.3.9\maven-builder-support-3.3.9.jar;C:\Users\Мужик\.m2\repository\org\apache\maven\maven-repository-metadata\3.3.9\maven-repository-metadata-3.3.9.jar;C:\Users\Мужик\.m2\repository\org\apache\maven\maven-artifact\3.3.9\maven-artifact-3.3.9.jar;C:\Users\Мужик\.m2\repository\org\apache\maven\maven-plugin-api\3.3.9\maven-plugin-api-3.3.9.jar;C:\Users\Мужик\.m2\repository\org\apache\maven\maven-model-builder\3.3.9\maven-model-builder-3.3.9.jar;C:\Users\Мужик\.m2\repository\org\eclipse\sisu\org.eclipse.sisu.plexus\0.3.2\org.eclipse.sisu.plexus-0.3.2.jar;C:\Users\Мужик\.m2\repository\javax\enterprise\cdi-api\1.0\cdi-api-1.0.jar;C:\Users\Мужик\.m2\repository\javax\annotation\jsr250-api\1.0\jsr250-api-1.0.jar;C:\Users\Мужик\.m2\repository\org\eclipse\sisu\org.eclipse.sisu.inject\0.3.2\org.eclipse.sisu.inject-0.3.2.jar;C:\Users\Мужик\.m2\repository\com\google\inject\guice\4.0\guice-4.0-no_aop.jar;C:\Users\Мужик\.m2\repository\javax\inject\javax.inject\1\javax.inject-1.jar;C:\Users\Мужик\.m2\repository\aopalliance\aopalliance\1.0\aopalliance-1.0.jar;C:\Users\Мужик\.m2\repository\org\codehaus\plexus\plexus-interpolation\1.21\plexus-interpolation-1.21.jar;C:\Users\Мужик\.m2\repository\org\codehaus\plexus\plexus-utils\3.0.22\plexus-utils-3.0.22.jar;C:\Users\Мужик\.m2\repository\org\codehaus\plexus\plexus-classworlds\2.5.2\plexus-classworlds-2.5.2.jar;C:\Users\Мужик\.m2\repository\org\codehaus\plexus\plexus-component-annotations\1.6\plexus-component-annotations-1.6.jar;C:\Users\Мужик\.m2\repository\org\sonatype\plexus\plexus-sec-dispatcher\1.3\plexus-sec-dispatcher-1.3.jar;C:\Users\Мужик\.m2\repository\org\sonatype\plexus\plexus-cipher\1.4\plexus-cipher-1.4.jar;C:\Users\Мужик\.m2\repository\org\apache\commons\commons-lang3\3.4\commons-lang3-3.4.jar;C:\Users\Мужик\.m2\repository\org\apache\maven\reporting\maven-reporting-impl\2.4\maven-reporting-impl-2.4.jar;C:\Users\Мужик\.m2\repository\org\apache\maven\reporting\maven-reporting-api\3.0\maven-reporting-api-3.0.jar;C:\Users\Мужик\.m2\repository\org\apache\maven\maven-project\2.2.1\maven-project-2.2.1.jar;C:\Users\Мужик\.m2\repository\org\apache\maven\maven-profile\2.2.1\maven-profile-2.2.1.jar;C:\Users\Мужик\.m2\repository\org\apache\maven\maven-artifact-manager\2.2.1\maven-artifact-manager-2.2.1.jar;C:\Users\Мужик\.m2\repository\backport-util-concurrent\backport-util-concurrent\3.1\backport-util-concurrent-3.1.jar;C:\Users\Мужик\.m2\repository\org\apache\maven\maven-plugin-registry\2.2.1\maven-plugin-registry-2.2.1.jar;C:\Users\Мужик\.m2\repository\org\codehaus\plexus\plexus-container-default\1.0-alpha-9-stable-1\plexus-container-default-1.0-alpha-9-stable-1.jar;C:\Users\Мужик\.m2\repository\classworlds\classworlds\1.1-alpha-2\classworlds-1.1-alpha-2.jar;C:\Users\Мужик\.m2\repository\org\apache\maven\shared\maven-shared-utils\0.6\maven-shared-utils-0.6.jar;C:\Users\Мужик\.m2\repository\org\apache\maven\doxia\doxia-sink-api\1.6\doxia-sink-api-1.6.jar;C:\Users\Мужик\.m2\repository\org\apache\maven\doxia\doxia-logging-api\1.6\doxia-logging-api-1.6.jar;C:\Users\Мужик\.m2\repository\org\apache\maven\doxia\doxia-core\1.6\doxia-core-1.6.jar;C:\Users\Мужик\.m2\repository\xerces\xercesImpl\2.9.1\xercesImpl-2.9.1.jar;C:\Users\Мужик\.m2\repository\xmlunit\xmlunit\1.5\xmlunit-1.5.jar;C:\Users\Мужик\.m2\repository\org\apache\maven\doxia\doxia-site-renderer\1.6\doxia-site-renderer-1.6.jar;C:\Users\Мужик\.m2\repository\org\apache\maven\doxia\doxia-decoration-model\1.6\doxia-decoration-model-1.6.jar;C:\Users\Мужик\.m2\repository\org\apache\maven\doxia\doxia-module-xhtml\1.6\doxia-module-xhtml-1.6.jar;C:\Users\Мужик\.m2\repository\org\apache\maven\doxia\doxia-module-fml\1.6\doxia-module-fml-1.6.jar;C:\Users\Мужик\.m2\repository\org\codehaus\plexus\plexus-i18n\1.0-beta-7\plexus-i18n-1.0-beta-7.jar;C:\Users\Мужик\.m2\repository\org\codehaus\plexus\plexus-velocity\1.1.7\plexus-velocity-1.1.7.jar;C:\Users\Мужик\.m2\repository\org\apache\velocity\velocity-tools\2.0\velocity-tools-2.0.jar;C:\Users\Мужик\.m2\repository\commons-chain\commons-chain\1.1\commons-chain-1.1.jar;C:\Users\Мужик\.m2\repository\dom4j\dom4j\1.1\dom4j-1.1.jar;C:\Users\Мужик\.m2\repository\sslext\sslext\1.2-0\sslext-1.2-0.jar;C:\Users\Мужик\.m2\repository\org\apache\struts\struts-core\1.3.8\struts-core-1.3.8.jar;C:\Users\Мужик\.m2\repository\antlr\antlr\2.7.2\antlr-2.7.2.jar;C:\Users\Мужик\.m2\repository\org\apache\struts\struts-taglib\1.3.8\struts-taglib-1.3.8.jar;C:\Users\Мужик\.m2\repository\org\apache\struts\struts-tiles\1.3.8\struts-tiles-1.3.8.jar;C:\Users\Мужик\.m2\repository\commons-validator\commons-validator\1.4.1\commons-validator-1.4.1.jar;C:\Users\Мужик\.m2\repository\commons-digester\commons-digester\1.8.1\commons-digester-1.8.1.jar;C:\Users\Мужик\.m2\repository\commons-beanutils\commons-beanutils\1.9.3\commons-beanutils-1.9.3.jar;C:\Users\Мужик\.m2\repository\commons-collections\commons-collections\3.2.2\commons-collections-3.2.2.jar;C:\Users\Мужик\.m2\repository\org\apache\maven\plugin-tools\maven-plugin-annotations\3.2\maven-plugin-annotations-3.2.jar;C:\Users\Мужик\.m2\repository\org\apache\maven\plugins\maven-jxr-plugin\2.5\maven-jxr-plugin-2.5.jar;C:\Users\Мужик\.m2\repository\org\apache\velocity\velocity\1.5\velocity-1.5.jar;C:\Users\Мужик\.m2\repository\oro\oro\2.0.8\oro-2.0.8.jar;C:\Users\Мужик\.m2\repository\org\apache\maven\maven-jxr\2.5\maven-jxr-2.5.jar;C:\Users\Мужик\.m2\repository\org\apache\maven\wagon\wagon-provider-api\1.0\wagon-provider-api-1.0.jar;C:\Users\Мужик\.m2\repository\xml-apis\xml-apis\1.0.b2\xml-apis-1.0.b2.jar;C:\Users\Мужик\.m2\repository\xalan\xalan\2.7.0\xalan-2.7.0.jar;C:\Users\Мужик\.m2\repository\com\codeborne\phantomjsdriver\1.4.3\phantomjsdriver-1.4.3.jar;C:\Users\Мужик\.m2\repository\io\qameta\allure\allure-testng\2.0-BETA19\allure-testng-2.0-BETA19.jar;C:\Users\Мужик\.m2\repository\io\qameta\allure\allure-descriptions-javadoc\2.0-BETA19\allure-descriptions-javadoc-2.0-BETA19.jar;C:\Users\Мужик\.m2\repository\io\qameta\allure\allure-java-commons\2.0-BETA19\allure-java-commons-2.0-BETA19.jar;C:\Users\Мужик\.m2\repository\io\qameta\allure\allure2-model-api\1.0-BETA6\allure2-model-api-1.0-BETA6.jar;C:\Users\Мужик\.m2\repository\io\qameta\allure\allure2-model-pojo\1.0-BETA6\allure2-model-pojo-1.0-BETA6.jar;C:\Users\Мужик\.m2\repository\org\apache\tika\tika-core\1.14\tika-core-1.14.jar;C:\Users\Мужик\.m2\repository\io\qameta\allure\allure2-model-jackson\1.0-BETA6\allure2-model-jackson-1.0-BETA6.jar;C:\Users\Мужик\.m2\repository\com\fasterxml\jackson\core\jackson-databind\2.7.0\jackson-databind-2.7.0.jar;C:\Users\Мужик\.m2\repository\com\fasterxml\jackson\core\jackson-annotations\2.7.0\jackson-annotations-2.7.0.jar;C:\Users\Мужик\.m2\repository\com\fasterxml\jackson\core\jackson-core\2.7.0\jackson-core-2.7.0.jar;C:\Users\Мужик\.m2\repository\com\fasterxml\jackson\module\jackson-module-jaxb-annotations\2.7.0\jackson-module-jaxb-annotations-2.7.0.jar;C:\Users\Мужик\.m2\repository\org\aspectj\aspectjrt\1.8.10\aspectjrt-1.8.10.jar;C:\Users\Мужик\.m2\repository\org\jooq\joor\0.9.6\joor-0.9.6.jar;C:\Users\Мужик\.m2\repository\org\aspectj\aspectjweaver\1.8.10\aspectjweaver-1.8.10.jar;C:\Users\Мужик\.m2\repository\org\slf4j\slf4j-api\1.7.25\slf4j-api-1.7.25.jar;C:\Users\Мужик\.m2\repository\org\apache\maven\plugins\maven-surefire-plugin\2.20.1\maven-surefire-plugin-2.20.1.jar;C:\Users\Мужик\.m2\repository\org\apache\maven\surefire\maven-surefire-common\2.20.1\maven-surefire-common-2.20.1.jar;C:\Users\Мужик\.m2\repository\org\apache\maven\surefire\surefire-api\2.20.1\surefire-api-2.20.1.jar;C:\Users\Мужик\.m2\repository\org\apache\maven\surefire\surefire-logger-api\2.20.1\surefire-logger-api-2.20.1.jar;C:\Users\Мужик\.m2\repository\org\apache\maven\surefire\surefire-booter\2.20.1\surefire-booter-2.20.1.jar;C:\Users\Мужик\.m2\repository\org\apache\maven\maven-plugin-descriptor\2.2.1\maven-plugin-descriptor-2.2.1.jar;C:\Users\Мужик\.m2\repository\org\apache\maven\maven-toolchain\2.2.1\maven-toolchain-2.2.1.jar;C:\Users\Мужик\.m2\repository\org\apache\maven\surefire\surefire-testng-utils\2.20.1\surefire-testng-utils-2.20.1.jar;C:\Users\Мужик\.m2\repository\org\apache\maven\surefire\surefire-grouper\2.20.1\surefire-grouper-2.20.1.jar;"/>
    <property name="sun.cpu.endian" value="little"/>
    <property name="user.home" value="C:\Users\Мужик"/>
    <property name="user.language" value="ru"/>
    <property name="java.specification.vendor" value="Oracle Corporation"/>
    <property name="java.home" value="C:\Program Files\Java\jdk1.8.0_121\jre"/>
    <property name="basedir" value="D:\qatestlab\tests\QATestLabHomeWorks"/>
    <property name="file.separator" value="\"/>
    <property name="line.separator" value="&#10;"/>
    <property name="java.vm.specification.vendor" value="Oracle Corporation"/>
    <property name="java.specification.name" value="Java Platform API Specification"/>
    <property name="java.awt.graphicsenv" value="sun.awt.Win32GraphicsEnvironment"/>
    <property name="surefire.real.class.path" value="C:\Users\9AFD~1\AppData\Local\Temp\surefire5432482664155664442\surefirebooter6917984106846356468.jar"/>
    <property name="sun.boot.class.path" value="C:\Program Files\Java\jdk1.8.0_121\jre\lib\resources.jar;C:\Program Files\Java\jdk1.8.0_121\jre\lib\rt.jar;C:\Program Files\Java\jdk1.8.0_121\jre\lib\sunrsasign.jar;C:\Program Files\Java\jdk1.8.0_121\jre\lib\jsse.jar;C:\Program Files\Java\jdk1.8.0_121\jre\lib\jce.jar;C:\Program Files\Java\jdk1.8.0_121\jre\lib\charsets.jar;C:\Program Files\Java\jdk1.8.0_121\jre\lib\jfr.jar;C:\Program Files\Java\jdk1.8.0_121\jre\classes"/>
    <property name="user.script" value=""/>
    <property name="sun.management.compiler" value="HotSpot 64-Bit Tiered Compilers"/>
    <property name="java.runtime.version" value="1.8.0_121-b13"/>
    <property name="user.name" value="Мужик"/>
    <property name="path.separator" value=";"/>
    <property name="os.version" value="6.1"/>
    <property name="java.endorsed.dirs" value="C:\Program Files\Java\jdk1.8.0_121\jre\lib\endorsed"/>
    <property name="java.runtime.name" value="Java(TM) SE Runtime Environment"/>
    <property name="file.encoding" value="Cp1251"/>
    <property name="java.vm.name" value="Java HotSpot(TM) 64-Bit Server VM"/>
    <property name="localRepository" value="C:\Users\Мужик\.m2\repository"/>
    <property name="java.vendor.url.bug" value="http://bugreport.sun.com/bugreport/"/>
    <property name="java.io.tmpdir" value="C:\Users\9AFD~1\AppData\Local\Temp\"/>
    <property name="java.version" value="1.8.0_121"/>
    <property name="user.dir" value="D:\qatestlab\tests\QATestLabHomeWorks"/>
    <property name="os.arch" value="amd64"/>
    <property name="java.vm.specification.name" value="Java Virtual Machine Specification"/>
    <property name="java.awt.printerjob" value="sun.awt.windows.WPrinterJob"/>
    <property name="sun.os.patch.level" value="Service Pack 1"/>
    <property name="java.library.path" value="C:\Program Files\Java\jdk1.8.0_121\jre\bin;C:\Windows\Sun\Java\bin;C:\Windows\system32;C:\Windows;C:\Program Files\Common Files\Microsoft Shared\Windows Live;C:\ProgramData\Oracle\Java\javapath;C:\Program Files (x86)\NVIDIA Corporation\PhysX\Common;C:\Program Files (x86)\AMD APP\bin\x86_64;C:\Program Files (x86)\AMD APP\bin\x86;C:\Windows\system32;C:\Windows;C:\Windows\System32\Wbem;C:\Windows\System32\WindowsPowerShell\v1.0\;C:\Program Files (x86)\ATI Technologies\ATI.ACE\Core-Static;C:\Program Files\MATLAB\R2013a\runtime\win64;C:\Program Files\MATLAB\R2013a\bin;C:\Program Files\TortoiseSVN\bin;C:\Program Files\Java\jdk1.8.0_121/bin;D:\qatestlab\Project\Tools\apache-maven-3.5.0\binbin;C:\Program Files (x86)\Skype\Phone\;C:\Program Files\TortoiseGit\bin;D:\Git\cmd;D:\qatestlab\Project\Tools\apache-maven-3.5.0\bin;C:\Program Files\Common Files\Microsoft Shared\Windows Live;C:\Program Files\Java\jdk1.8.0_121\bin;C:\Program Files\maven\apache-maven-3.3.9\bin;."/>
    <property name="java.vm.info" value="mixed mode"/>
    <property name="java.vendor" value="Oracle Corporation"/>
    <property name="java.vm.version" value="25.121-b13"/>
    <property name="java.ext.dirs" value="C:\Program Files\Java\jdk1.8.0_121\jre\lib\ext;C:\Windows\Sun\Java\lib\ext"/>
    <property name="sun.io.unicode.encoding" value="UnicodeLittle"/>
    <property name="java.class.version" value="52.0"/>
  </properties>
  <testcase name="loginTest" classname="firstHomeWork.LoginTest" time="14.815"/>
</testsuite>