<?xml version="1.0" encoding="UTF-8"?>
<!-- Generated by org.testng.reporters.JUnitReportReporter -->
<testsuite hostname="Infinity" name="firstHomeWork.LoginTest" tests="1" failures="0" timestamp="15 Oct 2017 19:45:57 GMT" time="14.802" errors="0">
  <testcase name="loginTest" time="14.802" classname="firstHomeWork.LoginTest"/>
</testsuite> <!-- firstHomeWork.LoginTest -->
