<?xml version="1.0" encoding="UTF-8"?>
<!-- Generated by org.testng.reporters.JUnitReportReporter -->
<testsuite hostname="Infinity" name="thirdHomeWork.AddNewProductTest" tests="2" failures="0" timestamp="9 Oct 2017 20:25:58 GMT" time="40.352" errors="0">
  <testcase name="verifyPresenceOfNewProductOnPage" time="18.028" classname="thirdHomeWork.AddNewProductTest"/>
  <testcase name="addNewProduct" time="22.324" classname="thirdHomeWork.AddNewProductTest"/>
</testsuite> <!-- thirdHomeWork.AddNewProductTest -->
